<?xml version="1.0" encoding="UTF-8"?>
<!-- Generated by org.testng.reporters.JUnitReportReporter -->
<testsuite hostname="DESKTOP-NTIM0NP" failures="0" tests="1" name="com.testng.com.ActionsEx2" time="10.314" errors="0" timestamp="10 Dec 2022 05:19:27 GMT" skipped="0">
  <testcase classname="com.testng.com.ActionsEx2" name="actionEx2" time="10.314"/>
</testsuite> <!-- com.testng.com.ActionsEx2 -->
